<?xml version="1.0" encoding="UTF-8"?>
<!-- Generated by org.testng.reporters.JUnitReportReporter -->
<testsuite hostname="LT0062160" name="com.appium.san.ajio.androidajio.TestLogin" tests="1" failures="0" timestamp="22 Sep 2016 10:09:39 GMT" time="56.170" errors="0">
  <testcase name="Verify_user_can_sign_into_the_app_with_an_existing_account" time="56.170" classname="com.appium.san.ajio.androidajio.TestLogin"/>
</testsuite> <!-- com.appium.san.ajio.androidajio.TestLogin -->
