<?xml version="1.0" encoding="UTF-8"?>
<!-- Generated by org.testng.reporters.JUnitReportReporter -->
<testsuite hostname="LT0062160" name="com.appium.san.ajio.androidajio.TestLogin" tests="1" failures="0" timestamp="27 Sep 2016 13:07:09 GMT" time="62.839" errors="0">
  <testcase name="Verify_pincode_check_in_PDP_and_cart" time="62.839" classname="com.appium.san.ajio.androidajio.TestLogin"/>
</testsuite> <!-- com.appium.san.ajio.androidajio.TestLogin -->
