<?xml version="1.0" encoding="UTF-8"?>
<!-- Generated by org.testng.reporters.JUnitReportReporter -->
<testsuite hostname="santhosh-PC" name="com.appium.san.ajio.androidajio.TestLogin" tests="1" failures="0" timestamp="12 Sep 2016 18:04:45 GMT" time="26.014" errors="0">
  <testcase name="testmethodLogin" time="26.014" classname="com.appium.san.ajio.androidajio.TestLogin"/>
</testsuite> <!-- com.appium.san.ajio.androidajio.TestLogin -->
