<?xml version="1.0" encoding="UTF-8"?>
<!-- Generated by org.testng.reporters.JUnitReportReporter -->
<testsuite hostname="santhosh-PC" name="com.appium.san.ajio.androidajio.TestLogin" tests="2" failures="0" timestamp="10 Sep 2016 07:08:39 GMT" time="40.062" errors="2">
  <testcase name="testmethodLogin" time="17.399" classname="com.appium.san.ajio.androidajio.TestLogin">
    <error type="org.openqa.selenium.WebDriverException" message="An unknown server-side error occurred while processing the command. (WARNING: The server did not provide any stacktrace information)
Command duration or timeout: 6.74 seconds
Build info: version: &#039;2.48.2&#039;, revision: &#039;41bccdd10cf2c0560f637404c2d96164b67d9d67&#039;, time: &#039;2015-10-09 13:08:06&#039;
System info: host: &#039;santhosh-PC&#039;, ip: &#039;169.254.114.64&#039;, os.name: &#039;Windows 7&#039;, os.arch: &#039;amd64&#039;, os.version: &#039;6.1&#039;, java.version: &#039;1.8.0_25&#039;
Driver info: io.appium.java_client.android.AndroidDriver
Capabilities [{app=C:\Users\santhosh\Downloads\SHAREit\SM-G935F\app\AJIO.apk, appPackage=com.ril.ajio, networkConnectionEnabled=true, warnings={}, databaseEnabled=false, deviceName=50a44df8, platform=LINUX, appActivity=SplashScreenActivity, desired={app=C:\Users\santhosh\Downloads\SHAREit\SM-G935F\app\AJIO.apk, appPackage=com.ril.ajio, appActivity=SplashScreenActivity, newCommandTimeout=30, platformVersion=5.1, automationName=Appium, platformName=Android, deviceName=192.168.0.5:5555}, newCommandTimeout=30, platformVersion=6.0.1, webStorageEnabled=false, locationContextEnabled=false, automationName=Appium, browserName=Android, takesScreenshot=true, javascriptEnabled=true, platformName=Android}]
Session ID: 4e30f53f-c3fd-47a3-820d-762f8a4ac7f1">
      <![CDATA[org.openqa.selenium.WebDriverException: An unknown server-side error occurred while processing the command. (WARNING: The server did not provide any stacktrace information)
Command duration or timeout: 6.74 seconds
Build info: version: '2.48.2', revision: '41bccdd10cf2c0560f637404c2d96164b67d9d67', time: '2015-10-09 13:08:06'
System info: host: 'santhosh-PC', ip: '169.254.114.64', os.name: 'Windows 7', os.arch: 'amd64', os.version: '6.1', java.version: '1.8.0_25'
Driver info: io.appium.java_client.android.AndroidDriver
Capabilities [{app=C:\Users\santhosh\Downloads\SHAREit\SM-G935F\app\AJIO.apk, appPackage=com.ril.ajio, networkConnectionEnabled=true, warnings={}, databaseEnabled=false, deviceName=50a44df8, platform=LINUX, appActivity=SplashScreenActivity, desired={app=C:\Users\santhosh\Downloads\SHAREit\SM-G935F\app\AJIO.apk, appPackage=com.ril.ajio, appActivity=SplashScreenActivity, newCommandTimeout=30, platformVersion=5.1, automationName=Appium, platformName=Android, deviceName=192.168.0.5:5555}, newCommandTimeout=30, platformVersion=6.0.1, webStorageEnabled=false, locationContextEnabled=false, automationName=Appium, browserName=Android, takesScreenshot=true, javascriptEnabled=true, platformName=Android}]
Session ID: 4e30f53f-c3fd-47a3-820d-762f8a4ac7f1
	at sun.reflect.NativeConstructorAccessorImpl.newInstance0(Native Method)
	at sun.reflect.NativeConstructorAccessorImpl.newInstance(NativeConstructorAccessorImpl.java:62)
	at sun.reflect.DelegatingConstructorAccessorImpl.newInstance(DelegatingConstructorAccessorImpl.java:45)
	at java.lang.reflect.Constructor.newInstance(Constructor.java:408)
	at org.openqa.selenium.remote.ErrorHandler.createThrowable(ErrorHandler.java:206)
	at org.openqa.selenium.remote.ErrorHandler.throwIfResponseFailed(ErrorHandler.java:158)
	at org.openqa.selenium.remote.RemoteWebDriver.execute(RemoteWebDriver.java:647)
	at io.appium.java_client.DefaultGenericMobileDriver.execute(DefaultGenericMobileDriver.java:42)
	at io.appium.java_client.AppiumDriver.execute(AppiumDriver.java:1)
	at io.appium.java_client.android.AndroidDriver.execute(AndroidDriver.java:1)
	at org.openqa.selenium.remote.RemoteWebElement.execute(RemoteWebElement.java:326)
	at io.appium.java_client.DefaultGenericMobileElement.execute(DefaultGenericMobileElement.java:44)
	at io.appium.java_client.MobileElement.execute(MobileElement.java:1)
	at io.appium.java_client.android.AndroidElement.execute(AndroidElement.java:1)
	at org.openqa.selenium.remote.RemoteWebElement.sendKeys(RemoteWebElement.java:121)
	at com.appium.san.ajio.androidajio.components.Components.login(Components.java:19)
	at com.appium.san.ajio.androidajio.TestLogin.testmethodLogin(TestLogin.java:16)
	at sun.reflect.NativeMethodAccessorImpl.invoke0(Native Method)
	at sun.reflect.NativeMethodAccessorImpl.invoke(NativeMethodAccessorImpl.java:62)
	at sun.reflect.DelegatingMethodAccessorImpl.invoke(DelegatingMethodAccessorImpl.java:43)
	at java.lang.reflect.Method.invoke(Method.java:483)
	at org.testng.internal.MethodInvocationHelper.invokeMethod(MethodInvocationHelper.java:85)
	at org.testng.internal.Invoker.invokeMethod(Invoker.java:639)
	at org.testng.internal.Invoker.invokeTestMethod(Invoker.java:821)
	at org.testng.internal.Invoker.invokeTestMethods(Invoker.java:1131)
	at org.testng.internal.TestMethodWorker.invokeTestMethods(TestMethodWorker.java:124)
	at org.testng.internal.TestMethodWorker.run(TestMethodWorker.java:108)
	at java.util.concurrent.ThreadPoolExecutor.runWorker(ThreadPoolExecutor.java:1142)
	at java.util.concurrent.ThreadPoolExecutor$Worker.run(ThreadPoolExecutor.java:617)
	at java.lang.Thread.run(Thread.java:745)
]]>
    </error>
  </testcase> <!-- testmethodLogin -->
  <testcase name="testmethodLogin" time="22.663" classname="com.appium.san.ajio.androidajio.TestLogin">
    <error type="org.openqa.selenium.WebDriverException" message="An unknown server-side error occurred while processing the command. (Original error: Soft keyboard not present, cannot hide keyboard) (WARNING: The server did not provide any stacktrace information)
Command duration or timeout: 97 milliseconds
Build info: version: &#039;2.48.2&#039;, revision: &#039;41bccdd10cf2c0560f637404c2d96164b67d9d67&#039;, time: &#039;2015-10-09 13:08:06&#039;
System info: host: &#039;santhosh-PC&#039;, ip: &#039;169.254.114.64&#039;, os.name: &#039;Windows 7&#039;, os.arch: &#039;amd64&#039;, os.version: &#039;6.1&#039;, java.version: &#039;1.8.0_25&#039;
Driver info: io.appium.java_client.android.AndroidDriver
Capabilities [{app=C:\Users\santhosh\Downloads\SHAREit\SM-G935F\app\AJIO.apk, appPackage=com.ril.ajio, networkConnectionEnabled=true, warnings={}, databaseEnabled=false, deviceName=50a44df8, platform=LINUX, appActivity=SplashScreenActivity, desired={app=C:\Users\santhosh\Downloads\SHAREit\SM-G935F\app\AJIO.apk, appPackage=com.ril.ajio, appActivity=SplashScreenActivity, newCommandTimeout=30, platformVersion=5.1, automationName=Appium, platformName=Android, deviceName=50a44df8}, newCommandTimeout=30, platformVersion=6.0.1, webStorageEnabled=false, locationContextEnabled=false, automationName=Appium, browserName=Android, takesScreenshot=true, javascriptEnabled=true, platformName=Android}]
Session ID: 98428cf6-ab84-4f49-aa09-a35622f87fd8">
      <![CDATA[org.openqa.selenium.WebDriverException: An unknown server-side error occurred while processing the command. (Original error: Soft keyboard not present, cannot hide keyboard) (WARNING: The server did not provide any stacktrace information)
Command duration or timeout: 97 milliseconds
Build info: version: '2.48.2', revision: '41bccdd10cf2c0560f637404c2d96164b67d9d67', time: '2015-10-09 13:08:06'
System info: host: 'santhosh-PC', ip: '169.254.114.64', os.name: 'Windows 7', os.arch: 'amd64', os.version: '6.1', java.version: '1.8.0_25'
Driver info: io.appium.java_client.android.AndroidDriver
Capabilities [{app=C:\Users\santhosh\Downloads\SHAREit\SM-G935F\app\AJIO.apk, appPackage=com.ril.ajio, networkConnectionEnabled=true, warnings={}, databaseEnabled=false, deviceName=50a44df8, platform=LINUX, appActivity=SplashScreenActivity, desired={app=C:\Users\santhosh\Downloads\SHAREit\SM-G935F\app\AJIO.apk, appPackage=com.ril.ajio, appActivity=SplashScreenActivity, newCommandTimeout=30, platformVersion=5.1, automationName=Appium, platformName=Android, deviceName=50a44df8}, newCommandTimeout=30, platformVersion=6.0.1, webStorageEnabled=false, locationContextEnabled=false, automationName=Appium, browserName=Android, takesScreenshot=true, javascriptEnabled=true, platformName=Android}]
Session ID: 98428cf6-ab84-4f49-aa09-a35622f87fd8
	at sun.reflect.NativeConstructorAccessorImpl.newInstance0(Native Method)
	at sun.reflect.NativeConstructorAccessorImpl.newInstance(NativeConstructorAccessorImpl.java:62)
	at sun.reflect.DelegatingConstructorAccessorImpl.newInstance(DelegatingConstructorAccessorImpl.java:45)
	at java.lang.reflect.Constructor.newInstance(Constructor.java:408)
	at org.openqa.selenium.remote.ErrorHandler.createThrowable(ErrorHandler.java:206)
	at org.openqa.selenium.remote.ErrorHandler.throwIfResponseFailed(ErrorHandler.java:158)
	at org.openqa.selenium.remote.RemoteWebDriver.execute(RemoteWebDriver.java:647)
	at io.appium.java_client.DefaultGenericMobileDriver.execute(DefaultGenericMobileDriver.java:42)
	at io.appium.java_client.AppiumDriver.execute(AppiumDriver.java:206)
	at io.appium.java_client.AppiumDriver.hideKeyboard(AppiumDriver.java:278)
	at com.appium.san.ajio.androidajio.components.Components.login(Components.java:32)
	at com.appium.san.ajio.androidajio.TestLogin.testmethodLogin(TestLogin.java:16)
	at sun.reflect.NativeMethodAccessorImpl.invoke0(Native Method)
	at sun.reflect.NativeMethodAccessorImpl.invoke(NativeMethodAccessorImpl.java:62)
	at sun.reflect.DelegatingMethodAccessorImpl.invoke(DelegatingMethodAccessorImpl.java:43)
	at java.lang.reflect.Method.invoke(Method.java:483)
	at org.testng.internal.MethodInvocationHelper.invokeMethod(MethodInvocationHelper.java:85)
	at org.testng.internal.Invoker.invokeMethod(Invoker.java:639)
	at org.testng.internal.Invoker.invokeTestMethod(Invoker.java:821)
	at org.testng.internal.Invoker.invokeTestMethods(Invoker.java:1131)
	at org.testng.internal.TestMethodWorker.invokeTestMethods(TestMethodWorker.java:124)
	at org.testng.internal.TestMethodWorker.run(TestMethodWorker.java:108)
	at java.util.concurrent.ThreadPoolExecutor.runWorker(ThreadPoolExecutor.java:1142)
	at java.util.concurrent.ThreadPoolExecutor$Worker.run(ThreadPoolExecutor.java:617)
	at java.lang.Thread.run(Thread.java:745)
]]>
    </error>
  </testcase> <!-- testmethodLogin -->
</testsuite> <!-- com.appium.san.ajio.androidajio.TestLogin -->
